<?xml version="1.0" encoding="UTF-8"?>
<!-- Generated by org.testng.reporters.JUnitXMLReporter -->
<testsuite hostname="dilip" name="Default test" tests="6" failures="0" timestamp="29 May 2018 09:52:39 GMT" time="130.788" errors="0">
  <testcase name="autoCompleteTab" time="3.006" classname="com.jala.testsuites.MoreTest"/>
  <testcase name="collapsibleContentTab" time="3.004" classname="com.jala.testsuites.MoreTest"/>
  <testcase name="validloginAdmin" time="11.777" classname="com.jala.testsuites.MoreTest"/>
  <testcase name="moreOptions" time="3.736" classname="com.jala.testsuites.MoreTest"/>
  <testcase name="multipleTabs" time="10.635" classname="com.jala.testsuites.MoreTest"/>
  <testcase name="menuTab" time="74.051" classname="com.jala.testsuites.MoreTest"/>
</testsuite> <!-- Default test -->
